<?xml version="1.0" encoding="UTF-8"?>
<testsuite xmlns:xsi="http://www.w3.org/2001/XMLSchema-instance" xsi:noNamespaceSchemaLocation="https://maven.apache.org/surefire/maven-surefire-plugin/xsd/surefire-test-report.xsd" name="praktikum.tests.CreateOrderTests" time="25.187" tests="4" errors="0" skipped="0" failures="0">
  <properties>
[...]
</properties>
  <testcase name="createOrderWithAuthAndIngredientsIsSuccess" classname="praktikum.tests.CreateOrderTests" time="6.77"/>
  <testcase name="createOrderWithAuthAndIncorrectIngredientsIsFailed" classname="praktikum.tests.CreateOrderTests" time="5.196"/>
  <testcase name="createOrderWithoutAuthAndWithIngredientsIsFailed" classname="praktikum.tests.CreateOrderTests" time="7.014"/>
  <testcase name="createOrderWithAuthAndWithoutIngredientsIsSuccess" classname="praktikum.tests.CreateOrderTests" time="6.207"/>
</testsuite>